<?xml version="1.0" encoding="UTF-8"?>
<testsuite xmlns:xsi="http://www.w3.org/2001/XMLSchema-instance" xsi:noNamespaceSchemaLocation="https://maven.apache.org/surefire/maven-surefire-plugin/xsd/surefire-test-report-3.0.xsd" version="3.0" name="io.paketo.demo.DemoApplicationTests" time="2.246" tests="1" errors="0" skipped="0" failures="0">
  <properties>
[...]
</properties>
  <testcase name="contextLoads" classname="io.paketo.demo.DemoApplicationTests" time="0.638">
    <system-out><![CDATA[09:15:27.487 [main] INFO org.springframework.test.context.support.AnnotationConfigContextLoaderUtils -- Could not detect default configuration classes for test class [io.paketo.demo.DemoApplicationTests]: DemoApplicationTests does not declare any static, non-private, non-final, nested classes annotated with @Configuration.
09:15:27.579 [main] INFO org.springframework.boot.test.context.SpringBootTestContextBootstrapper -- Found @SpringBootConfiguration io.paketo.demo.DemoApplication for test class io.paketo.demo.DemoApplicationTests

  .   ____          _            __ _ _
 /\\ / ___'_ __ _ _(_)_ __  __ _ \ \ \ \
( ( )\___ | '_ | '_| | '_ \/ _` | \ \ \ \
 \\/  ___)| |_)| | | | | || (_| |  ) ) ) )
  '  |____| .__|_| |_|_| |_\__, | / / / /
 =========|_|==============|___/=/_/_/_/
 :: Spring Boot ::                (v3.1.2)

2023-09-29T09:15:27.872+02:00  INFO 9928 --- [           main] io.paketo.demo.DemoApplicationTests      : Starting DemoApplicationTests using Java 17.0.8 with PID 9928 (started by abdeljaouedkhelil in /Users/abdeljaouedkhelil/workspace/redhat/go/src/hack/shipwright-example/build-633/cnb-sample-java)
2023-09-29T09:15:27.874+02:00  INFO 9928 --- [           main] io.paketo.demo.DemoApplicationTests      : No active profile set, falling back to 1 default profile: "default"
2023-09-29T09:15:28.740+02:00  INFO 9928 --- [           main] o.s.b.a.e.web.EndpointLinksResolver      : Exposing 1 endpoint(s) beneath base path '/actuator'
2023-09-29T09:15:28.945+02:00  INFO 9928 --- [           main] io.paketo.demo.DemoApplicationTests      : Started DemoApplicationTests in 1.262 seconds (process running for 2.082)
]]></system-out>
  </testcase>
</testsuite>